<?xml version="1.0" encoding="UTF-8"?>
<testsuite name="com.example.monumentbook.MonumentBookApplicationTests" tests="1" skipped="0" failures="0" errors="0" timestamp="2023-12-04T05:01:12" hostname="DESKTOP-BPFDIB8" time="0.462">
  <properties/>
  <testcase name="contextLoads()" classname="com.example.monumentbook.MonumentBookApplicationTests" time="0.462"/>
  <system-out><![CDATA[12:01:07.794 [Test worker] INFO org.springframework.test.context.support.AnnotationConfigContextLoaderUtils -- Could not detect default configuration classes for test class [com.example.monumentbook.MonumentBookApplicationTests]: MonumentBookApplicationTests does not declare any static, non-private, non-final, nested classes annotated with @Configuration.
12:01:07.893 [Test worker] INFO org.springframework.boot.test.context.SpringBootTestContextBootstrapper -- Found @SpringBootConfiguration com.example.monumentbook.MonumentBookApplication for test class com.example.monumentbook.MonumentBookApplicationTests

  .   ____          _            __ _ _
 /\\ / ___'_ __ _ _(_)_ __  __ _ \ \ \ \
( ( )\___ | '_ | '_| | '_ \/ _` | \ \ \ \
 \\/  ___)| |_)| | | | | || (_| |  ) ) ) )
  '  |____| .__|_| |_|_| |_\__, | / / / /
 =========|_|==============|___/=/_/_/_/
 :: Spring Boot ::                (v3.1.4)

2023-12-04T12:01:08.266+07:00  INFO 20064 --- [    Test worker] c.e.m.MonumentBookApplicationTests       : Starting MonumentBookApplicationTests using Java 19.0.2 with PID 20064 (started by Mnor in D:\School\Thesis\Api\monumentBook)
2023-12-04T12:01:08.267+07:00  INFO 20064 --- [    Test worker] c.e.m.MonumentBookApplicationTests       : No active profile set, falling back to 1 default profile: "default"
2023-12-04T12:01:08.907+07:00  INFO 20064 --- [    Test worker] .s.d.r.c.RepositoryConfigurationDelegate : Bootstrapping Spring Data JPA repositories in DEFAULT mode.
2023-12-04T12:01:08.983+07:00  INFO 20064 --- [    Test worker] .s.d.r.c.RepositoryConfigurationDelegate : Finished Spring Data repository scanning in 71 ms. Found 6 JPA repository interfaces.
2023-12-04T12:01:09.382+07:00  INFO 20064 --- [    Test worker] o.hibernate.jpa.internal.util.LogHelper  : HHH000204: Processing PersistenceUnitInfo [name: default]
2023-12-04T12:01:09.430+07:00  INFO 20064 --- [    Test worker] org.hibernate.Version                    : HHH000412: Hibernate ORM core version 6.2.9.Final
2023-12-04T12:01:09.432+07:00  INFO 20064 --- [    Test worker] org.hibernate.cfg.Environment            : HHH000406: Using bytecode reflection optimizer
2023-12-04T12:01:09.585+07:00  INFO 20064 --- [    Test worker] o.h.b.i.BytecodeProviderInitiator        : HHH000021: Bytecode provider name : bytebuddy
2023-12-04T12:01:09.754+07:00  INFO 20064 --- [    Test worker] o.s.o.j.p.SpringPersistenceUnitInfo      : No LoadTimeWeaver setup: ignoring JPA class transformer
2023-12-04T12:01:09.779+07:00  INFO 20064 --- [    Test worker] com.zaxxer.hikari.HikariDataSource       : HikariPool-1 - Starting...
2023-12-04T12:01:10.197+07:00  INFO 20064 --- [    Test worker] com.zaxxer.hikari.pool.HikariPool        : HikariPool-1 - Added connection com.mysql.cj.jdbc.ConnectionImpl@2166c48a
2023-12-04T12:01:10.199+07:00  INFO 20064 --- [    Test worker] com.zaxxer.hikari.HikariDataSource       : HikariPool-1 - Start completed.
2023-12-04T12:01:10.486+07:00  INFO 20064 --- [    Test worker] o.h.b.i.BytecodeProviderInitiator        : HHH000021: Bytecode provider name : bytebuddy
2023-12-04T12:01:11.101+07:00  INFO 20064 --- [    Test worker] o.h.e.t.j.p.i.JtaPlatformInitiator       : HHH000490: Using JtaPlatform implementation: [org.hibernate.engine.transaction.jta.platform.internal.NoJtaPlatform]
2023-12-04T12:01:11.187+07:00  INFO 20064 --- [    Test worker] j.LocalContainerEntityManagerFactoryBean : Initialized JPA EntityManagerFactory for persistence unit 'default'
2023-12-04T12:01:11.843+07:00  WARN 20064 --- [    Test worker] JpaBaseConfiguration$JpaWebConfiguration : spring.jpa.open-in-view is enabled by default. Therefore, database queries may be performed during view rendering. Explicitly configure spring.jpa.open-in-view to disable this warning
2023-12-04T12:01:12.866+07:00  INFO 20064 --- [    Test worker] c.e.m.MonumentBookApplicationTests       : Started MonumentBookApplicationTests in 4.832 seconds (process running for 6.191)
]]></system-out>
  <system-err><![CDATA[]]></system-err>
</testsuite>
